CRITICAL - 2023-04-24 02:47:10 --> The framework needs the following extension(s) installed and loaded: intl, mbstring.
in SYSTEMPATH\CodeIgniter.php on line 226.
 1 SYSTEMPATH\CodeIgniter.php(226): CodeIgniter\Exceptions\FrameworkException::forMissingExtension('intl, mbstring')
 2 SYSTEMPATH\CodeIgniter.php(190): CodeIgniter\CodeIgniter->resolvePlatformExtensions()
 3 ROOTPATH\spark(83): CodeIgniter\CodeIgniter->initialize()
CRITICAL - 2023-04-24 02:47:10 --> Uncaught Error: Call to undefined function CodeIgniter\CLI\mb_strpos() in C:\xampp\htdocs\code-igniter-4\system\CLI\CLI.php:872
Stack trace:
#0 C:\xampp\htdocs\code-igniter-4\system\CLI\CLI.php(161): CodeIgniter\CLI\CLI::parseCommandLine()
#1 C:\xampp\htdocs\code-igniter-4\system\CLI\CLI.php(1115): CodeIgniter\CLI\CLI::init()
#2 C:\xampp\htdocs\code-igniter-4\system\Autoloader\Autoloader.php(312): include_once('C:\\xampp\\htdocs...')
#3 C:\xampp\htdocs\code-igniter-4\system\Autoloader\Autoloader.php(289): CodeIgniter\Autoloader\Autoloader->includeFile('C:\\xampp\\htdocs...')
#4 C:\xampp\htdocs\code-igniter-4\system\Autoloader\Autoloader.php(267): CodeIgniter\Autoloader\Autoloader->loadInNamespace('CodeIgniter\\CLI...')
#5 C:\xampp\htdocs\code-igniter-4\app\Views\errors\cli\error_exception.php(6): CodeIgniter\Autoloader\Autoloader->loadClass('CodeIgniter\\CLI...')
#6 C:\xampp\htdocs\code-igniter-4\app\Views\errors\cli\production.php(5): include('C:\\xampp\\htdocs...')
#7 C:\xampp\htdocs\code-igniter-4\system\Debug\Exceptions.php(282): include('C:\\xampp\\htdocs...')
#8 C:\xampp\htdocs\code-igniter-4\system\Debug\Exceptions.php(285): CodeIgniter\Debug\Exceptions->CodeIgniter\Debug\{closure}()
#9 C:\xampp\htdocs\code-igniter-4\system\Debug\Exceptions.php(156): CodeIgniter\Debug\Exceptions->render(Object(CodeIgniter\Exceptions\FrameworkException), 500)
#10 [internal function]: CodeIgniter\Debug\Exceptions->exceptionHandler(Object(CodeIgniter\Exceptions\FrameworkException))
#11 {main}
  thrown
【Previous Exception】
CodeIgniter\Exceptions\FrameworkException
The framework needs the following extension(s) installed and loaded: intl, mbstring.
#0 C:\xampp\htdocs\code-igniter-4\system\CodeIgniter.php(226): CodeIgniter\Exceptions\FrameworkException::forMissingExtension('intl, mbstring')
#1 C:\xampp\htdocs\code-igniter-4\system\CodeIgniter.php(190): CodeIgniter\CodeIgniter->resolvePlatformExtensions()
#2 C:\xampp\htdocs\code-igniter-4\spark(83): CodeIgniter\CodeIgniter->initialize()
#3 {main}
in SYSTEMPATH\CLI\CLI.php on line 872.
 1 [internal function]: CodeIgniter\Debug\Exceptions->shutdownHandler()
CRITICAL - 2023-04-24 02:50:07 --> The framework needs the following extension(s) installed and loaded: intl, mbstring.
in SYSTEMPATH\CodeIgniter.php on line 226.
 1 SYSTEMPATH\CodeIgniter.php(226): CodeIgniter\Exceptions\FrameworkException::forMissingExtension('intl, mbstring')
 2 SYSTEMPATH\CodeIgniter.php(190): CodeIgniter\CodeIgniter->resolvePlatformExtensions()
 3 ROOTPATH\spark(83): CodeIgniter\CodeIgniter->initialize()
CRITICAL - 2023-04-24 02:50:07 --> Uncaught Error: Call to undefined function CodeIgniter\CLI\mb_strpos() in C:\xampp\htdocs\code-igniter-4\system\CLI\CLI.php:872
Stack trace:
#0 C:\xampp\htdocs\code-igniter-4\system\CLI\CLI.php(161): CodeIgniter\CLI\CLI::parseCommandLine()
#1 C:\xampp\htdocs\code-igniter-4\system\CLI\CLI.php(1115): CodeIgniter\CLI\CLI::init()
#2 C:\xampp\htdocs\code-igniter-4\system\Autoloader\Autoloader.php(312): include_once('C:\\xampp\\htdocs...')
#3 C:\xampp\htdocs\code-igniter-4\system\Autoloader\Autoloader.php(289): CodeIgniter\Autoloader\Autoloader->includeFile('C:\\xampp\\htdocs...')
#4 C:\xampp\htdocs\code-igniter-4\system\Autoloader\Autoloader.php(267): CodeIgniter\Autoloader\Autoloader->loadInNamespace('CodeIgniter\\CLI...')
#5 C:\xampp\htdocs\code-igniter-4\app\Views\errors\cli\error_exception.php(6): CodeIgniter\Autoloader\Autoloader->loadClass('CodeIgniter\\CLI...')
#6 C:\xampp\htdocs\code-igniter-4\app\Views\errors\cli\production.php(5): include('C:\\xampp\\htdocs...')
#7 C:\xampp\htdocs\code-igniter-4\system\Debug\Exceptions.php(282): include('C:\\xampp\\htdocs...')
#8 C:\xampp\htdocs\code-igniter-4\system\Debug\Exceptions.php(285): CodeIgniter\Debug\Exceptions->CodeIgniter\Debug\{closure}()
#9 C:\xampp\htdocs\code-igniter-4\system\Debug\Exceptions.php(156): CodeIgniter\Debug\Exceptions->render(Object(CodeIgniter\Exceptions\FrameworkException), 500)
#10 [internal function]: CodeIgniter\Debug\Exceptions->exceptionHandler(Object(CodeIgniter\Exceptions\FrameworkException))
#11 {main}
  thrown
【Previous Exception】
CodeIgniter\Exceptions\FrameworkException
The framework needs the following extension(s) installed and loaded: intl, mbstring.
#0 C:\xampp\htdocs\code-igniter-4\system\CodeIgniter.php(226): CodeIgniter\Exceptions\FrameworkException::forMissingExtension('intl, mbstring')
#1 C:\xampp\htdocs\code-igniter-4\system\CodeIgniter.php(190): CodeIgniter\CodeIgniter->resolvePlatformExtensions()
#2 C:\xampp\htdocs\code-igniter-4\spark(83): CodeIgniter\CodeIgniter->initialize()
#3 {main}
in SYSTEMPATH\CLI\CLI.php on line 872.
 1 [internal function]: CodeIgniter\Debug\Exceptions->shutdownHandler()
CRITICAL - 2023-04-24 02:50:48 --> The framework needs the following extension(s) installed and loaded: intl, mbstring.
in SYSTEMPATH\CodeIgniter.php on line 226.
 1 SYSTEMPATH\CodeIgniter.php(226): CodeIgniter\Exceptions\FrameworkException::forMissingExtension('intl, mbstring')
 2 SYSTEMPATH\CodeIgniter.php(190): CodeIgniter\CodeIgniter->resolvePlatformExtensions()
 3 ROOTPATH\spark(83): CodeIgniter\CodeIgniter->initialize()
CRITICAL - 2023-04-24 02:50:48 --> Uncaught Error: Call to undefined function CodeIgniter\CLI\mb_strpos() in C:\xampp\htdocs\code-igniter-4\system\CLI\CLI.php:872
Stack trace:
#0 C:\xampp\htdocs\code-igniter-4\system\CLI\CLI.php(161): CodeIgniter\CLI\CLI::parseCommandLine()
#1 C:\xampp\htdocs\code-igniter-4\system\CLI\CLI.php(1115): CodeIgniter\CLI\CLI::init()
#2 C:\xampp\htdocs\code-igniter-4\system\Autoloader\Autoloader.php(312): include_once('C:\\xampp\\htdocs...')
#3 C:\xampp\htdocs\code-igniter-4\system\Autoloader\Autoloader.php(289): CodeIgniter\Autoloader\Autoloader->includeFile('C:\\xampp\\htdocs...')
#4 C:\xampp\htdocs\code-igniter-4\system\Autoloader\Autoloader.php(267): CodeIgniter\Autoloader\Autoloader->loadInNamespace('CodeIgniter\\CLI...')
#5 C:\xampp\htdocs\code-igniter-4\app\Views\errors\cli\error_exception.php(6): CodeIgniter\Autoloader\Autoloader->loadClass('CodeIgniter\\CLI...')
#6 C:\xampp\htdocs\code-igniter-4\app\Views\errors\cli\production.php(5): include('C:\\xampp\\htdocs...')
#7 C:\xampp\htdocs\code-igniter-4\system\Debug\Exceptions.php(282): include('C:\\xampp\\htdocs...')
#8 C:\xampp\htdocs\code-igniter-4\system\Debug\Exceptions.php(285): CodeIgniter\Debug\Exceptions->CodeIgniter\Debug\{closure}()
#9 C:\xampp\htdocs\code-igniter-4\system\Debug\Exceptions.php(156): CodeIgniter\Debug\Exceptions->render(Object(CodeIgniter\Exceptions\FrameworkException), 500)
#10 [internal function]: CodeIgniter\Debug\Exceptions->exceptionHandler(Object(CodeIgniter\Exceptions\FrameworkException))
#11 {main}
  thrown
【Previous Exception】
CodeIgniter\Exceptions\FrameworkException
The framework needs the following extension(s) installed and loaded: intl, mbstring.
#0 C:\xampp\htdocs\code-igniter-4\system\CodeIgniter.php(226): CodeIgniter\Exceptions\FrameworkException::forMissingExtension('intl, mbstring')
#1 C:\xampp\htdocs\code-igniter-4\system\CodeIgniter.php(190): CodeIgniter\CodeIgniter->resolvePlatformExtensions()
#2 C:\xampp\htdocs\code-igniter-4\spark(83): CodeIgniter\CodeIgniter->initialize()
#3 {main}
in SYSTEMPATH\CLI\CLI.php on line 872.
 1 [internal function]: CodeIgniter\Debug\Exceptions->shutdownHandler()
CRITICAL - 2023-04-24 03:03:40 --> The framework needs the following extension(s) installed and loaded: intl, mbstring.
in SYSTEMPATH\CodeIgniter.php on line 226.
 1 SYSTEMPATH\CodeIgniter.php(226): CodeIgniter\Exceptions\FrameworkException::forMissingExtension('intl, mbstring')
 2 SYSTEMPATH\CodeIgniter.php(190): CodeIgniter\CodeIgniter->resolvePlatformExtensions()
 3 ROOTPATH\spark(83): CodeIgniter\CodeIgniter->initialize()
CRITICAL - 2023-04-24 03:03:40 --> Uncaught Error: Call to undefined function CodeIgniter\CLI\mb_strpos() in C:\xampp\htdocs\code-igniter-4\system\CLI\CLI.php:872
Stack trace:
#0 C:\xampp\htdocs\code-igniter-4\system\CLI\CLI.php(161): CodeIgniter\CLI\CLI::parseCommandLine()
#1 C:\xampp\htdocs\code-igniter-4\system\CLI\CLI.php(1115): CodeIgniter\CLI\CLI::init()
#2 C:\xampp\htdocs\code-igniter-4\system\Autoloader\Autoloader.php(312): include_once('C:\\xampp\\htdocs...')
#3 C:\xampp\htdocs\code-igniter-4\system\Autoloader\Autoloader.php(289): CodeIgniter\Autoloader\Autoloader->includeFile('C:\\xampp\\htdocs...')
#4 C:\xampp\htdocs\code-igniter-4\system\Autoloader\Autoloader.php(267): CodeIgniter\Autoloader\Autoloader->loadInNamespace('CodeIgniter\\CLI...')
#5 C:\xampp\htdocs\code-igniter-4\app\Views\errors\cli\error_exception.php(6): CodeIgniter\Autoloader\Autoloader->loadClass('CodeIgniter\\CLI...')
#6 C:\xampp\htdocs\code-igniter-4\app\Views\errors\cli\production.php(5): include('C:\\xampp\\htdocs...')
#7 C:\xampp\htdocs\code-igniter-4\system\Debug\Exceptions.php(282): include('C:\\xampp\\htdocs...')
#8 C:\xampp\htdocs\code-igniter-4\system\Debug\Exceptions.php(285): CodeIgniter\Debug\Exceptions->CodeIgniter\Debug\{closure}()
#9 C:\xampp\htdocs\code-igniter-4\system\Debug\Exceptions.php(156): CodeIgniter\Debug\Exceptions->render(Object(CodeIgniter\Exceptions\FrameworkException), 500)
#10 [internal function]: CodeIgniter\Debug\Exceptions->exceptionHandler(Object(CodeIgniter\Exceptions\FrameworkException))
#11 {main}
  thrown
【Previous Exception】
CodeIgniter\Exceptions\FrameworkException
The framework needs the following extension(s) installed and loaded: intl, mbstring.
#0 C:\xampp\htdocs\code-igniter-4\system\CodeIgniter.php(226): CodeIgniter\Exceptions\FrameworkException::forMissingExtension('intl, mbstring')
#1 C:\xampp\htdocs\code-igniter-4\system\CodeIgniter.php(190): CodeIgniter\CodeIgniter->resolvePlatformExtensions()
#2 C:\xampp\htdocs\code-igniter-4\spark(83): CodeIgniter\CodeIgniter->initialize()
#3 {main}
in SYSTEMPATH\CLI\CLI.php on line 872.
 1 [internal function]: CodeIgniter\Debug\Exceptions->shutdownHandler()
CRITICAL - 2023-04-24 03:06:53 --> The framework needs the following extension(s) installed and loaded: "mbstring".
in SYSTEMPATH\CodeIgniter.php on line 226.
 1 SYSTEMPATH\CodeIgniter.php(226): CodeIgniter\Exceptions\FrameworkException::forMissingExtension('mbstring')
 2 SYSTEMPATH\CodeIgniter.php(190): CodeIgniter\CodeIgniter->resolvePlatformExtensions()
 3 ROOTPATH\spark(83): CodeIgniter\CodeIgniter->initialize()
CRITICAL - 2023-04-24 03:06:53 --> Uncaught Error: Call to undefined function CodeIgniter\CLI\mb_strpos() in C:\xampp\htdocs\code-igniter-4\system\CLI\CLI.php:872
Stack trace:
#0 C:\xampp\htdocs\code-igniter-4\system\CLI\CLI.php(161): CodeIgniter\CLI\CLI::parseCommandLine()
#1 C:\xampp\htdocs\code-igniter-4\system\CLI\CLI.php(1115): CodeIgniter\CLI\CLI::init()
#2 C:\xampp\htdocs\code-igniter-4\system\Autoloader\Autoloader.php(312): include_once('C:\\xampp\\htdocs...')
#3 C:\xampp\htdocs\code-igniter-4\system\Autoloader\Autoloader.php(289): CodeIgniter\Autoloader\Autoloader->includeFile('C:\\xampp\\htdocs...')
#4 C:\xampp\htdocs\code-igniter-4\system\Autoloader\Autoloader.php(267): CodeIgniter\Autoloader\Autoloader->loadInNamespace('CodeIgniter\\CLI...')
#5 C:\xampp\htdocs\code-igniter-4\app\Views\errors\cli\error_exception.php(6): CodeIgniter\Autoloader\Autoloader->loadClass('CodeIgniter\\CLI...')
#6 C:\xampp\htdocs\code-igniter-4\app\Views\errors\cli\production.php(5): include('C:\\xampp\\htdocs...')
#7 C:\xampp\htdocs\code-igniter-4\system\Debug\Exceptions.php(282): include('C:\\xampp\\htdocs...')
#8 C:\xampp\htdocs\code-igniter-4\system\Debug\Exceptions.php(285): CodeIgniter\Debug\Exceptions->CodeIgniter\Debug\{closure}()
#9 C:\xampp\htdocs\code-igniter-4\system\Debug\Exceptions.php(156): CodeIgniter\Debug\Exceptions->render(Object(CodeIgniter\Exceptions\FrameworkException), 500)
#10 [internal function]: CodeIgniter\Debug\Exceptions->exceptionHandler(Object(CodeIgniter\Exceptions\FrameworkException))
#11 {main}
  thrown
【Previous Exception】
CodeIgniter\Exceptions\FrameworkException
The framework needs the following extension(s) installed and loaded: "mbstring".
#0 C:\xampp\htdocs\code-igniter-4\system\CodeIgniter.php(226): CodeIgniter\Exceptions\FrameworkException::forMissingExtension('mbstring')
#1 C:\xampp\htdocs\code-igniter-4\system\CodeIgniter.php(190): CodeIgniter\CodeIgniter->resolvePlatformExtensions()
#2 C:\xampp\htdocs\code-igniter-4\spark(83): CodeIgniter\CodeIgniter->initialize()
#3 {main}
in SYSTEMPATH\CLI\CLI.php on line 872.
 1 [internal function]: CodeIgniter\Debug\Exceptions->shutdownHandler()
CRITICAL - 2023-04-24 04:14:48 --> Controller or its method is not found: Home::crudRoles
in SYSTEMPATH\Helpers\url_helper.php on line 596.
 1 SYSTEMPATH\Helpers\url_helper.php(596): CodeIgniter\Router\Exceptions\RouterException::forControllerNotFound('Home', 'crudRoles')
 2 APPPATH\Views\default.php(27): url_to('Home::crudRoles')
 3 SYSTEMPATH\View\View.php(213): include('C:\\xampp\\htdocs\\code-igniter-4\\app\\Views\\default.php')
 4 SYSTEMPATH\View\View.php(216): CodeIgniter\View\View->CodeIgniter\View\{closure}()
 5 SYSTEMPATH\View\View.php(229): CodeIgniter\View\View->render('default', [], true)
 6 SYSTEMPATH\Common.php(1184): CodeIgniter\View\View->render('inicio', [], true)
 7 APPPATH\Controllers\Home.php(9): view('inicio')
 8 SYSTEMPATH\CodeIgniter.php(934): App\Controllers\Home->index()
 9 SYSTEMPATH\CodeIgniter.php(499): CodeIgniter\CodeIgniter->runController(Object(App\Controllers\Home))
10 SYSTEMPATH\CodeIgniter.php(368): CodeIgniter\CodeIgniter->handleRequest(null, Object(Config\Cache), false)
11 FCPATH\index.php(67): CodeIgniter\CodeIgniter->run()
12 SYSTEMPATH\Commands\Server\rewrite.php(47): require_once('C:\\xampp\\htdocs\\code-igniter-4\\public\\index.php')
